<?xml version="1.0" encoding="utf-8"?><testsuites><testsuite name="pytest" errors="0" failures="0" skipped="0" tests="4" time="63.312" timestamp="2021-03-22T09:28:37.039553" hostname="Daniels-MacBook-Pro.local"><testcase classname="dagster_graphql_tests.graphql.test_dynamic_pipeline" name="test_dynamic_resume_reexecution" time="19.591" /><testcase classname="dagster_graphql_tests.graphql.test_dynamic_pipeline" name="test_dynamic_full_reexecution" time="19.179" /><testcase classname="dagster_graphql_tests.graphql.test_dynamic_pipeline" name="test_dynamic_subset" time="19.214" /><testcase classname="dagster_graphql_tests.graphql.test_dynamic_pipeline" name="test_dynamic_dep_fields" time="2.260" /></testsuite></testsuites>